[INFO|logger.py:40] 2023-01-19 12:19:58,664 > start dev logging in the path : _logs\loca_google_place_20230119_121958.log
[INFO|loca_google_place.py:52] 2023-01-19 12:20:07,227 > ['NAME', 'NAME_ENG', 'X', 'Y', 'Landmark', '대분류', '중분류', '소분류']
[INFO|loca_google_place.py:22] 2023-01-19 12:20:09,577 > value - "전라남도 광양시 중동 오류로 49"
[INFO|loca_google_place.py:22] 2023-01-19 12:20:10,934 > value - "대구광역시 수성구 수성2.3가동 40-1"
[INFO|loca_google_place.py:22] 2023-01-19 12:20:12,164 > value - "대구광역시 동성학교네거리"
[INFO|loca_google_place.py:22] 2023-01-19 12:20:13,422 > value - "울산광역시"
[INFO|loca_google_place.py:22] 2023-01-19 12:20:14,701 > value - "울산광역시 달동사거리"
[INFO|loca_google_place.py:22] 2023-01-19 12:20:16,094 > value - "부산광역시 해운대구 재송1동 666-2"
[INFO|loca_google_place.py:22] 2023-01-19 12:20:17,480 > value - "인천광역시 서구 검단3동 592"
[INFO|loca_google_place.py:22] 2023-01-19 12:20:18,967 > value - "서울특별시 광진구 군자동 467-13"
[INFO|loca_google_place.py:22] 2023-01-19 12:20:20,500 > value - "경기도 남양주시 진건읍 진관리 47-23 47-42호"
[INFO|loca_google_place.py:22] 2023-01-19 12:20:21,950 > value - "군산시 흥남사거리"
[INFO|loca_google_place.py:22] 2023-01-19 12:20:23,274 > value - "충청남도 아산시 배방읍 공수리 141-1"
[INFO|loca_google_place.py:22] 2023-01-19 12:20:24,760 > value - "대전광역시 목련네거리"
[INFO|loca_google_place.py:22] 2023-01-19 12:20:26,003 > value - "경기도 의왕시 고천동 299-37"
[INFO|loca_google_place.py:22] 2023-01-19 12:20:27,436 > value - "경기도 안산시 상록구 부곡동 707-23"
[INFO|loca_google_place.py:22] 2023-01-19 12:20:28,686 > value - "제주특별자치도 제주시 외도동 423-3"
[INFO|loca_google_place.py:22] 2023-01-19 12:20:30,100 > value - "전라남도 광양시 중마동 1343"
[INFO|loca_google_place.py:22] 2023-01-19 12:20:31,460 > value - "경상남도 사천시 축동면 탑리 146-14"
[INFO|loca_google_place.py:22] 2023-01-19 12:20:32,930 > value - "김해시 공단사거리"
[INFO|loca_google_place.py:22] 2023-01-19 12:20:34,551 > value - "울산광역시 시청사거리"
[INFO|loca_google_place.py:22] 2023-01-19 12:20:36,016 > value - "태안군 화동교차로"
[INFO|loca_google_place.py:22] 2023-01-19 12:20:37,435 > value - "경상북도 상주시 동성동 11-6"
[INFO|loca_google_place.py:22] 2023-01-19 12:20:38,712 > value - "경상북도 상주시 계림동 1-24"
[INFO|loca_google_place.py:22] 2023-01-19 12:20:40,117 > value - "서울특별시 신사동"
[INFO|loca_google_place.py:22] 2023-01-19 12:20:41,735 > value - "서울특별시 교대입구"
[INFO|loca_google_place.py:22] 2023-01-19 12:20:43,238 > value - "서울특별시 교대입구"
[INFO|loca_google_place.py:22] 2023-01-19 12:20:44,749 > value - "서울특별시 E1N1"
[INFO|loca_google_place.py:22] 2023-01-19 12:20:46,073 > value - "경기도 평택시 지산동 산190-5"
[INFO|loca_google_place.py:22] 2023-01-19 12:20:47,394 > value - "전라남도 광양시 중마동 271-1"
[INFO|loca_google_place.py:22] 2023-01-19 12:20:48,879 > value - "부산광역시 동래구 안락1동 721-7"
[INFO|loca_google_place.py:22] 2023-01-19 12:20:50,166 > value - "태안군 우체국사거리"
[INFO|loca_google_place.py:22] 2023-01-19 12:20:51,701 > value - "충청남도 금산군 금산읍 하옥리 227-2"
[INFO|loca_google_place.py:22] 2023-01-19 12:20:53,632 > value - "서울특별시 강서구 화곡6동"
[INFO|loca_google_place.py:22] 2023-01-19 12:20:55,416 > value - "인천광역시 남동구 만수3동 862-5"
[INFO|loca_google_place.py:22] 2023-01-19 12:20:56,633 > value - "인천광역시"
[INFO|loca_google_place.py:22] 2023-01-19 12:20:58,543 > value - "서울특별시 도봉구 창1동 676-80"
[INFO|loca_google_place.py:22] 2023-01-19 12:20:59,996 > value - "전라남도 광양시 중동 1306-5"
[INFO|loca_google_place.py:22] 2023-01-19 12:21:01,437 > value - "경상남도 김해시 외동 함박로101번길 18 KR 한성빌딩 202호"
[INFO|loca_google_place.py:22] 2023-01-19 12:21:02,841 > value - "울산광역시"
[INFO|loca_google_place.py:22] 2023-01-19 12:21:04,620 > value - "울산광역시 남구 옥동 252-20"
[INFO|loca_google_place.py:22] 2023-01-19 12:21:06,299 > value - "울산광역시 학성고앞"
[INFO|loca_google_place.py:22] 2023-01-19 12:21:07,697 > value - "울산광역시 남구 달동 1406-11"
[INFO|loca_google_place.py:22] 2023-01-19 12:21:09,111 > value - "울산광역시 남구 삼산중로114번길"
[INFO|loca_google_place.py:22] 2023-01-19 12:21:10,446 > value - "울산광역시 평창현대3차앞"
[INFO|loca_google_place.py:22] 2023-01-19 12:21:11,793 > value - "울산광역시 시외버스삼거리"
[INFO|loca_google_place.py:22] 2023-01-19 12:21:13,138 > value - "울산광역시 여천2교사거리"
[INFO|loca_google_place.py:22] 2023-01-19 12:21:14,606 > value - "부산광역시 동래구 안락2동 465-5"
[INFO|loca_google_place.py:22] 2023-01-19 12:21:16,110 > value - "충청남도 태안군 태안읍 남문리 117"
[INFO|loca_google_place.py:22] 2023-01-19 12:21:17,282 > value - "인천광역시 서구 원당동 817-8"
[INFO|loca_google_place.py:22] 2023-01-19 12:21:18,585 > value - "인천광역시 계양구 계양1동 69-11"
[INFO|loca_google_place.py:22] 2023-01-19 12:21:19,854 > value - "연천군 온골사거리"
[INFO|loca_google_place.py:22] 2023-01-19 12:21:21,289 > value - "전라남도 순천시 덕연동 201-3"
[INFO|loca_google_place.py:22] 2023-01-19 12:21:22,914 > value - "동해"
[INFO|loca_google_place.py:22] 2023-01-19 12:21:24,213 > value - "전라북도 김제시 진봉면 고사리 7-13"
[INFO|loca_google_place.py:22] 2023-01-19 12:21:25,584 > value - "전라북도 전주시 완산구 삼천1동 732-13"
[INFO|loca_google_place.py:22] 2023-01-19 12:21:26,950 > value - "전라북도 전주시 완산구 평화15길"
[INFO|loca_google_place.py:22] 2023-01-19 12:21:28,399 > value - "대구광역시 복현네거리"
[INFO|loca_google_place.py:22] 2023-01-19 12:21:29,747 > value - "경상남도 창원시 마산회원구 합성2동 275"
[INFO|loca_google_place.py:22] 2023-01-19 12:21:31,291 > value - "대전광역시"
[INFO|loca_google_place.py:22] 2023-01-19 12:21:32,729 > value - "경기도 양주시 백석읍 오산리 542-2"
[INFO|loca_google_place.py:22] 2023-01-19 12:21:34,013 > value - "경기도 양주시 백석읍 오산리 52-5"
[INFO|loca_google_place.py:22] 2023-01-19 12:21:35,686 > value - "황해"
[INFO|loca_google_place.py:22] 2023-01-19 12:21:36,912 > value - "전라남도 여수시 오림동"
[INFO|loca_google_place.py:22] 2023-01-19 12:21:38,287 > value - "전라북도 부안군 하서면 언독리 621-1"
[INFO|loca_google_place.py:22] 2023-01-19 12:21:39,843 > value - "부산광역시 동구 범일2동 825-31"
[INFO|loca_google_place.py:22] 2023-01-19 12:21:41,169 > value - "충청북도 충주시 용산동 1681"
[INFO|loca_google_place.py:22] 2023-01-19 12:21:42,761 > value - "대전광역시 서구 내동 152-12"
[INFO|loca_google_place.py:22] 2023-01-19 12:21:44,089 > value - "경기도 안양시"
[INFO|loca_google_place.py:22] 2023-01-19 12:21:45,676 > value - "안산시 군자농협사거리"
[INFO|loca_google_place.py:22] 2023-01-19 12:21:47,096 > value - "전라북도 군산시 나운동 744 6번지"
[INFO|loca_google_place.py:22] 2023-01-19 12:21:48,738 > value - "대구광역시"
[INFO|loca_google_place.py:22] 2023-01-19 12:21:50,244 > value - "대구광역시 달성군 화원읍 사문진로 417"
[INFO|loca_google_place.py:22] 2023-01-19 12:21:51,698 > value - "양산시"
[INFO|loca_google_place.py:22] 2023-01-19 12:21:53,496 > value - "경상남도 양산시 서창동 665-11"
[INFO|loca_google_place.py:22] 2023-01-19 12:21:54,804 > value - "충청남도 당진시 당진3동 804-1"
[INFO|loca_google_place.py:22] 2023-01-19 12:21:56,215 > value - "천안시 상신사거리"
[INFO|loca_google_place.py:22] 2023-01-19 12:21:57,517 > value - "충청북도 청원군 오송읍 만수리 313-2"
[INFO|loca_google_place.py:22] 2023-01-19 12:21:58,855 > value - "경상북도 김천시 대신동 1304"
[INFO|loca_google_place.py:22] 2023-01-19 12:22:00,107 > value - "경상북도 김천시 자산동 3-2"
[INFO|loca_google_place.py:22] 2023-01-19 12:22:01,701 > value - "서울특별시 중구 필동2가 1-4"
[INFO|loca_google_place.py:22] 2023-01-19 12:22:03,390 > value - "서울특별시 중구 광희동 116-2"
[INFO|loca_google_place.py:22] 2023-01-19 12:22:04,822 > value - "경기도 남양주시 금곡동 396-13"
[INFO|loca_google_place.py:22] 2023-01-19 12:22:06,351 > value - "서울특별시 강북구 삼각산동 1336-6"
[INFO|loca_google_place.py:22] 2023-01-19 12:22:08,643 > value - "서울특별시 거여역앞"
[INFO|loca_google_place.py:22] 2023-01-19 12:22:10,071 > value - "인천광역시"
[INFO|loca_google_place.py:22] 2023-01-19 12:22:11,567 > value - "안양시 현충사거리"
[INFO|loca_google_place.py:22] 2023-01-19 12:22:13,179 > value - "서울특별시 창림초교앞"
[INFO|loca_google_place.py:22] 2023-01-19 12:22:14,698 > value - "전라남도 목포시 용당1동 1016-3"
[INFO|loca_google_place.py:22] 2023-01-19 12:22:16,018 > value - "전라남도 목포시 연산동 661-9"
[INFO|loca_google_place.py:22] 2023-01-19 12:22:17,247 > value - "전라남도 목포시 용당동"
[INFO|loca_google_place.py:22] 2023-01-19 12:22:18,877 > value - "광주광역시 북구 일곡택지로53번길"
[INFO|loca_google_place.py:22] 2023-01-19 12:22:20,255 > value - "경상남도 양산시 삼호동 654 20번지 1층"
[INFO|loca_google_place.py:22] 2023-01-19 12:22:21,566 > value - "경상남도 양산시 덕계동 335-4"
[INFO|loca_google_place.py:22] 2023-01-19 12:22:23,162 > value - "충청남도 아산시 배방읍 공수리 282-14"
[INFO|loca_google_place.py:22] 2023-01-19 12:22:24,504 > value - "인천광역시 부평구 구산동 3-9"
[INFO|loca_google_place.py:22] 2023-01-19 12:22:25,843 > value - "강원도 원주시 단계동 171-5"
[INFO|loca_google_place.py:22] 2023-01-19 12:22:27,288 > value - "완주군 삼기삼거리"
[INFO|loca_google_place.py:22] 2023-01-19 12:22:29,073 > value - "경상남도 김해시 주촌면 금관대로775번길"
[INFO|loca_google_place.py:22] 2023-01-19 12:22:30,666 > value - "울산광역시 남구 달동 84-5"
[INFO|loca_google_place.py:22] 2023-01-19 12:22:32,163 > value - "울산광역시 매암사거리"
[INFO|loca_google_place.py:22] 2023-01-19 12:22:33,562 > value - "전라남도 장흥군 장흥읍 장흥로 33"
[INFO|loca_google_place.py:22] 2023-01-19 12:22:35,058 > value - "전라남도 장성군 동화면 용정리 666-26"
[INFO|loca_google_place.py:22] 2023-01-19 12:22:36,418 > value - "대구광역시 대구국제공항 교차로"
[INFO|loca_google_place.py:22] 2023-01-19 12:22:37,768 > value - "대구광역시 동구 동촌동 982-14"
[INFO|loca_google_place.py:22] 2023-01-19 12:22:39,064 > value - "경상남도 창원시 마산회원구 회성동 39-15"
[INFO|loca_google_place.py:22] 2023-01-19 12:22:40,383 > value - "경기도 파주시 월롱면 위전리 415-2"
[INFO|loca_google_place.py:22] 2023-01-19 12:22:41,647 > value - "경기도 파주시 광탄면 신산리 35-5"
[INFO|loca_google_place.py:22] 2023-01-19 12:22:43,086 > value - "강원도 원주시 우산동 300-1"
[INFO|loca_google_place.py:22] 2023-01-19 12:22:44,446 > value - "제주특별자치도 서귀포시 서귀동 218-5"
[INFO|loca_google_place.py:22] 2023-01-19 12:22:45,763 > value - "전라북도 김제시 금성8길"
[INFO|loca_google_place.py:22] 2023-01-19 12:22:47,175 > value - "대구광역시 남구청네거리"
[INFO|loca_google_place.py:22] 2023-01-19 12:22:48,483 > value - "부산광역시 해운대구 우2동 1129-6"
[INFO|loca_google_place.py:22] 2023-01-19 12:22:49,768 > value - "충청북도 청주시 흥덕구 신촌동 288-9"
[INFO|loca_google_place.py:22] 2023-01-19 12:22:51,064 > value - "충청북도 청주시 상당구 율량.사천동 1415"
[INFO|loca_google_place.py:22] 2023-01-19 12:22:52,582 > value - "대전광역시 파랑새네거리"
[INFO|loca_google_place.py:22] 2023-01-19 12:22:54,092 > value - "대전광역시 파랑새네거리"
[INFO|loca_google_place.py:22] 2023-01-19 12:22:55,715 > value - "대전광역시"
[INFO|loca_google_place.py:22] 2023-01-19 12:22:57,110 > value - "충청북도 청주시 흥덕구 복대1동 346-7"
[INFO|loca_google_place.py:22] 2023-01-19 12:22:58,617 > value - "대전광역시"
[INFO|loca_google_place.py:22] 2023-01-19 12:22:59,935 > value - "경기도 안산시 단원구 원곡본동 841-3"
[INFO|loca_google_place.py:22] 2023-01-19 12:23:01,377 > value - "광주시 송정교남단교차로"
[INFO|loca_google_place.py:22] 2023-01-19 12:23:02,837 > value - "동해"
[INFO|loca_google_place.py:22] 2023-01-19 12:23:04,267 > value - "강릉시"
[INFO|loca_google_place.py:22] 2023-01-19 12:23:05,666 > value - "전라남도 나주시 이창동 728-8"
[INFO|loca_google_place.py:22] 2023-01-19 12:23:07,089 > value - "전라북도 전주시 완산구 평화로 137"
[INFO|loca_google_place.py:22] 2023-01-19 12:23:08,401 > value - "경상남도 함안군 법수면 주물리 250-5"
[INFO|loca_google_place.py:22] 2023-01-19 12:23:09,873 > value - "경상남도 김해시 북부동 1510-5"
[INFO|loca_google_place.py:22] 2023-01-19 12:23:11,396 > value - "전라남도 광양시 광영동 산66-9"
[INFO|loca_google_place.py:22] 2023-01-19 12:23:12,765 > value - "영광군"
[INFO|loca_google_place.py:22] 2023-01-19 12:23:14,386 > value - "완산구 삼천동1가 622-4번지 1층 전주시 전라북도 KR"
[INFO|loca_google_place.py:22] 2023-01-19 12:23:16,378 > value - "농산물시장삼거리"
[INFO|loca_google_place.py:22] 2023-01-19 12:23:18,302 > value - "충청북도 청주시 흥덕구 산남동 121-1"
[INFO|loca_google_place.py:22] 2023-01-19 12:23:19,773 > value - "충청북도 청주시 흥덕구 산남동 121-1"
[INFO|loca_google_place.py:22] 2023-01-19 12:23:21,226 > value - "충청북도 청주시 흥덕구 산남동 1107"
[INFO|loca_google_place.py:22] 2023-01-19 12:23:22,613 > value - "충청남도 공주시 신관동 383-17"
[INFO|loca_google_place.py:22] 2023-01-19 12:23:23,894 > value - "공주시 옥룡교차로"
[INFO|loca_google_place.py:22] 2023-01-19 12:23:25,321 > value - "강원도 춘천시 서면 금산리 1031-1"
[INFO|loca_google_place.py:22] 2023-01-19 12:23:26,845 > value - "춘천시 KBS사거리"
[INFO|loca_google_place.py:22] 2023-01-19 12:23:28,369 > value - "경기도 남양주시 화도읍 월산리 365-12"
[INFO|loca_google_place.py:22] 2023-01-19 12:23:29,823 > value - "충청남도 아산시 온양2동 131-112"
[INFO|loca_google_place.py:22] 2023-01-19 12:23:31,265 > value - "충청남도 천안시 서북구 쌍용동 1671"
[INFO|loca_google_place.py:22] 2023-01-19 12:23:32,792 > value - "천안시"
[INFO|loca_google_place.py:22] 2023-01-19 12:23:34,146 > value - "대전광역시 서구 만년로"
[INFO|loca_google_place.py:22] 2023-01-19 12:23:35,695 > value - "대전광역시 서구 둔산동 1459"
[INFO|loca_google_place.py:22] 2023-01-19 12:23:37,112 > value - "대전광역시 대덕구 회덕동 357-1"
[INFO|loca_google_place.py:22] 2023-01-19 12:23:38,476 > value - "대전광역시"
[INFO|loca_google_place.py:22] 2023-01-19 12:23:39,840 > value - "경기도 파주시 적성면 구읍리 산80-1"
[INFO|loca_google_place.py:22] 2023-01-19 12:23:41,295 > value - "부천시 수주삼거리"
[INFO|loca_google_place.py:22] 2023-01-19 12:23:42,968 > value - "서울특별시 월정초교앞"
[INFO|loca_google_place.py:22] 2023-01-19 12:23:44,219 > value - "황해"
[INFO|loca_google_place.py:22] 2023-01-19 12:23:45,612 > value - "경기도 군포시 당동 771-10"
[INFO|loca_google_place.py:22] 2023-01-19 12:23:46,944 > value - "경기도 화성시 장안면 석포리 336-3"
[INFO|loca_google_place.py:22] 2023-01-19 12:23:48,270 > value - "제주특별자치도 제주시 아라동 1643-2"
[INFO|loca_google_place.py:22] 2023-01-19 12:23:49,624 > value - "제주특별자치도 제주시 이도2동 1185-32"
[INFO|loca_google_place.py:22] 2023-01-19 12:23:50,984 > value - "목포시 대양검문소삼거리"
[INFO|loca_google_place.py:22] 2023-01-19 12:23:52,375 > value - "황해"
[INFO|loca_google_place.py:22] 2023-01-19 12:23:53,871 > value - "경상남도 김해시 북부동 1510-5"
[INFO|loca_google_place.py:22] 2023-01-19 12:23:55,425 > value - "경상남도 창원시 의창구 팔용동 11-9"
[INFO|loca_google_place.py:22] 2023-01-19 12:23:56,725 > value - "운암서원삼거리"
[INFO|loca_google_place.py:22] 2023-01-19 12:23:58,089 > value - "대전광역시 인동네거리"
[INFO|loca_google_place.py:22] 2023-01-19 12:23:59,456 > value - "대전광역시 인동네거리"
[INFO|loca_google_place.py:22] 2023-01-19 12:24:00,745 > value - "충청남도 논산시 취암동 83-19"
[INFO|loca_google_place.py:22] 2023-01-19 12:24:02,077 > value - "경기도 광주시 초월읍 산이리 78-7"
[INFO|loca_google_place.py:22] 2023-01-19 12:24:03,482 > value - "강원도 철원군 갈말읍 신철원리 971-4"
[INFO|loca_google_place.py:22] 2023-01-19 12:24:04,797 > value - "강원도 철원군 갈말읍 신철원리 971-4"
[INFO|loca_google_place.py:22] 2023-01-19 12:24:06,000 > value - "서귀포시 서귀포중학교앞"
[INFO|loca_google_place.py:22] 2023-01-19 12:24:07,173 > value - "전라남도 여수시 안산동 장성1길 34"
[INFO|loca_google_place.py:22] 2023-01-19 12:24:08,377 > value - "전라북도 김제시 용지면 효정리 520-5"
[INFO|loca_google_place.py:22] 2023-01-19 12:24:09,858 > value - "전라북도 김제시 교월동 78-6"
[INFO|loca_google_place.py:22] 2023-01-19 12:24:11,238 > value - "전라북도 진안군 진안읍 군상리 937-2"
[INFO|loca_google_place.py:22] 2023-01-19 12:24:12,637 > value - "전라북도 진안군 진안읍 군상리 937-2"
[INFO|loca_google_place.py:22] 2023-01-19 12:24:14,362 > value - "대구광역시 달성군 다사읍 세천리 1550-23"
[INFO|loca_google_place.py:22] 2023-01-19 12:24:16,396 > value - "경기도 평택시 동삭동 336-3"
[INFO|loca_google_place.py:22] 2023-01-19 12:24:18,215 > value - "경상남도 거제시 옥포2동 1300-1"
[INFO|loca_google_place.py:22] 2023-01-19 12:24:20,175 > value - "나주시 석현삼거리"
[INFO|loca_google_place.py:22] 2023-01-19 12:24:22,030 > value - "대구광역시 남명삼거리"
[INFO|loca_google_place.py:22] 2023-01-19 12:24:23,849 > value - "대구광역시 남구 봉덕1동 474-30"
[INFO|loca_google_place.py:22] 2023-01-19 12:24:25,146 > value - "김해시 장유면사무소사거리"
[INFO|loca_google_place.py:22] 2023-01-19 12:24:26,569 > value - "울산광역시 달동주공앞"
[INFO|loca_google_place.py:22] 2023-01-19 12:24:28,367 > value - "부산광역시 중동삼거리"
[INFO|loca_google_place.py:22] 2023-01-19 12:24:29,645 > value - "예산군"
[INFO|loca_google_place.py:22] 2023-01-19 12:24:31,330 > value - "충청남도 연기군 전동면 노장리 651-6"
[INFO|loca_google_place.py:22] 2023-01-19 12:24:33,324 > value - "평택시 은실고가삼거리"
[INFO|loca_google_place.py:22] 2023-01-19 12:24:35,185 > value - "전라남도 화순군 이양면 이양리 211-8"
[INFO|loca_google_place.py:22] 2023-01-19 12:24:36,574 > value - "제주특별자치도 제주시 연동 1665"
[INFO|loca_google_place.py:22] 2023-01-19 12:24:37,875 > value - "광양시"
[INFO|loca_google_place.py:22] 2023-01-19 12:24:39,303 > value - "경상남도 김해시 내외동 529-2"
[INFO|loca_google_place.py:22] 2023-01-19 12:24:40,826 > value - "울산광역시 삼산사거리"
[INFO|loca_google_place.py:22] 2023-01-19 12:24:42,619 > value - "부산광역시 수영구 구락로"
[INFO|loca_google_place.py:22] 2023-01-19 12:24:44,121 > value - "충청남도 아산시 음봉면 덕지리 173-7"
[INFO|loca_google_place.py:22] 2023-01-19 12:24:45,687 > value - "충청남도 천안시 서북구 오성8길"
[INFO|loca_google_place.py:22] 2023-01-19 12:24:47,081 > value - "천안시"
[INFO|loca_google_place.py:22] 2023-01-19 12:24:48,641 > value - "천안시"
[INFO|loca_google_place.py:22] 2023-01-19 12:24:50,240 > value - "경상북도 상주시 북문동 254-2"
[INFO|loca_google_place.py:22] 2023-01-19 12:24:51,549 > value - "인천광역시 검암사거리"
[INFO|loca_google_place.py:22] 2023-01-19 12:24:52,929 > value - "안양시 안양금성주유소 교차로"
[INFO|loca_google_place.py:22] 2023-01-19 12:24:54,478 > value - "서울특별시 강동구 천호동 번지 1층 34-19"
[INFO|loca_google_place.py:22] 2023-01-19 12:24:56,401 > value - "강원도 횡성군 우천면 우항리 444-1"
[INFO|loca_google_place.py:22] 2023-01-19 12:24:58,217 > value - "의왕시 양지편2길삼거리"
[INFO|loca_google_place.py:22] 2023-01-19 12:25:00,385 > value - "강원도 강릉시 옥천동 367-14"
[INFO|loca_google_place.py:22] 2023-01-19 12:25:02,522 > value - "제주특별자치도 제주시 오라동 1023-5"
[INFO|loca_google_place.py:22] 2023-01-19 12:25:04,237 > value - "전라남도 순천시 왕조1동 1200-1"
[INFO|loca_google_place.py:22] 2023-01-19 12:25:05,644 > value - "전라남도 순천시 왕조1동 1200-1"
[INFO|loca_google_place.py:22] 2023-01-19 12:25:07,034 > value - "경상남도 통영시 무전동 147-9"
[INFO|loca_google_place.py:22] 2023-01-19 12:25:08,696 > value - "부산광역시 북구 화명3동 1525-2"
[INFO|loca_google_place.py:22] 2023-01-19 12:25:10,570 > value - "충청남도 논산시 연무읍 안심리 4-10"
[INFO|loca_google_place.py:22] 2023-01-19 12:25:12,065 > value - "고양시"
[INFO|loca_google_place.py:22] 2023-01-19 12:25:13,343 > value - "제주특별자치도 제주시 노형동 726-4"
[INFO|loca_google_place.py:22] 2023-01-19 12:25:14,870 > value - "울산광역시 남구 신정4동 770-27"
[INFO|loca_google_place.py:22] 2023-01-19 12:25:16,299 > value - "울산광역시"
[INFO|loca_google_place.py:22] 2023-01-19 12:25:17,993 > value - "충청남도 천안시 서북구 백석공단1로"
[INFO|loca_google_place.py:22] 2023-01-19 12:25:19,634 > value - "대전광역시 유성구 노은2동 231-3"
[INFO|loca_google_place.py:22] 2023-01-19 12:25:21,164 > value - "인천광역시 서구 검단1동 618-4"
[INFO|loca_google_place.py:22] 2023-01-19 12:25:22,981 > value - "서울특별시 광산사거리"
[INFO|loca_google_place.py:22] 2023-01-19 12:25:24,585 > value - "경기도 여주군 여주읍 점봉리 324-3"
[INFO|loca_google_place.py:22] 2023-01-19 12:25:26,523 > value - "전라남도 목포시 신흥동 954-3"
[INFO|loca_google_place.py:22] 2023-01-19 12:25:27,919 > value - "전라북도 전주시 완산구 다가동2가 130-9"
[INFO|loca_google_place.py:22] 2023-01-19 12:25:29,466 > value - "종합운동장사거리"
[INFO|loca_google_place.py:22] 2023-01-19 12:25:31,108 > value - "경상남도 창원시 마산합포구 산호동 318-6"
[INFO|loca_google_place.py:22] 2023-01-19 12:25:32,643 > value - "경상북도 경주시 용강동 438-10"
[INFO|loca_google_place.py:22] 2023-01-19 12:25:33,907 > value - "인천광역시 수협사거리"
[INFO|loca_google_place.py:22] 2023-01-19 12:25:35,540 > value - "고양시 현산초교사거리"
[INFO|loca_google_place.py:22] 2023-01-19 12:25:36,926 > value - "경기도 부천시 3층 중동 번지 1층 753-1"
[INFO|loca_google_place.py:22] 2023-01-19 12:25:38,793 > value - "부천시 동부시장입구"
[INFO|loca_google_place.py:22] 2023-01-19 12:25:40,414 > value - "서울특별시 동대문구 제기동 136-354"
[INFO|loca_google_place.py:22] 2023-01-19 12:25:41,917 > value - "원주시"
[INFO|loca_google_place.py:22] 2023-01-19 12:25:43,563 > value - "제주특별자치도 제주시 이도이동"
[INFO|loca_google_place.py:22] 2023-01-19 12:25:44,916 > value - "제주특별자치도 제주시 연수로"
[INFO|loca_google_place.py:22] 2023-01-19 12:25:46,318 > value - "제주특별자치도 서귀포시 표선면 표선리 777-5"
[INFO|loca_google_place.py:22] 2023-01-19 12:25:47,941 > value - "대전광역시"
[INFO|loca_google_place.py:22] 2023-01-19 12:25:49,658 > value - "인천광역시 나들목사거리"
[INFO|loca_google_place.py:22] 2023-01-19 12:25:51,457 > value - "인천광역시 나들목사거리"
[INFO|loca_google_place.py:22] 2023-01-19 12:25:53,030 > value - "인천광역시 나들목사거리"
[INFO|loca_google_place.py:22] 2023-01-19 12:25:54,434 > value - "경기도 부천시 오정구 신흥동 11-12"
[INFO|loca_google_place.py:22] 2023-01-19 12:25:56,046 > value - "서울특별시 공릉역사거리"
[INFO|loca_google_place.py:22] 2023-01-19 12:25:57,382 > value - "부천시 한국화장품삼거리"
[INFO|loca_google_place.py:22] 2023-01-19 12:25:58,722 > value - "경기도 부천시 여월동 번지 301호 10-40"
[INFO|loca_google_place.py:22] 2023-01-19 12:26:00,083 > value - "경기도 수원시 권선구 탑동 139-123"
[INFO|loca_google_place.py:22] 2023-01-19 12:26:01,533 > value - "정선군"
[INFO|loca_google_place.py:22] 2023-01-19 12:26:02,856 > value - "제주시 사라봉오거리"
[INFO|loca_google_place.py:22] 2023-01-19 12:26:04,124 > value - "제주특별자치도 제주시 특별자치도, 이도이동 번지 4층 408-7"
[INFO|loca_google_place.py:22] 2023-01-19 12:26:05,395 > value - "제주특별자치도 제주시 삼양동 1494-29"
[INFO|loca_google_place.py:22] 2023-01-19 12:26:06,698 > value - "제주특별자치도 제주시 삼양동 1494-29"
[INFO|loca_google_place.py:22] 2023-01-19 12:26:08,142 > value - "광주광역시 지산사거리"
[INFO|loca_google_place.py:22] 2023-01-19 12:26:09,997 > value - "전라북도 전주시 완산구 효자3동 728"
[INFO|loca_google_place.py:22] 2023-01-19 12:26:11,535 > value - "전라북도 남원시 도통동 585-3"
[INFO|loca_google_place.py:22] 2023-01-19 12:26:13,251 > value - "경상북도 영천시 청통면 송천리 69-1"
[INFO|loca_google_place.py:22] 2023-01-19 12:26:14,771 > value - "평택시 평택경찰서오거리"
[INFO|loca_google_place.py:22] 2023-01-19 12:26:16,246 > value - "경상북도 안동시 강남5길 9 1층"
[INFO|loca_google_place.py:22] 2023-01-19 12:26:17,530 > value - "제주특별자치도 제주시 특별자치도, 노형동 노연로 55 KR"
[INFO|loca_google_place.py:22] 2023-01-19 12:26:19,320 > value - "제주특별자치도 제주시 1100로"
[INFO|loca_google_place.py:22] 2023-01-19 12:26:20,677 > value - "전라남도 강진군 작천면 평리 287-3"
[INFO|loca_google_place.py:22] 2023-01-19 12:26:22,046 > value - "전라남도 광양시 중마동 1404-6"
[INFO|loca_google_place.py:22] 2023-01-19 12:26:23,455 > value - "경상남도 거제시 장평동 1137-13"
[INFO|loca_google_place.py:22] 2023-01-19 12:26:24,870 > value - "대구광역시 중구 북성로1가"
[INFO|loca_google_place.py:22] 2023-01-19 12:26:26,262 > value - "대구광역시 동성학교네거리"
[INFO|loca_google_place.py:22] 2023-01-19 12:26:27,694 > value - "대구광역시 수성구 범어동 774-2"
[INFO|loca_google_place.py:22] 2023-01-19 12:26:29,106 > value - "경상남도 김해시 지내동 247-1"
[INFO|loca_google_place.py:22] 2023-01-19 12:26:30,601 > value - "울산광역시 울산공고정문 교차로"
[INFO|loca_google_place.py:22] 2023-01-19 12:26:32,127 > value - "울산광역시 선경아파트앞"
[INFO|loca_google_place.py:22] 2023-01-19 12:26:33,419 > value - "울산광역시"
[INFO|loca_google_place.py:22] 2023-01-19 12:26:34,896 > value - "전라북도 익산시 영등동 800"
[INFO|loca_google_place.py:22] 2023-01-19 12:26:36,149 > value - "함양군 동문사거리"
[INFO|loca_google_place.py:22] 2023-01-19 12:26:37,442 > value - "경상남도 창원시 진해구 안골로281번길"
[INFO|loca_google_place.py:22] 2023-01-19 12:26:38,847 > value - "충청남도 공주시 유구읍 석남리 443-2"
[INFO|loca_google_place.py:22] 2023-01-19 12:26:40,186 > value - "전라북도 익산시 삼기면 간촌리 91-2"
[INFO|loca_google_place.py:22] 2023-01-19 12:26:41,655 > value - "평택시 농협사거리"
[INFO|loca_google_place.py:22] 2023-01-19 12:26:43,114 > value - "서울특별시 면목2동사거리"
[INFO|loca_google_place.py:22] 2023-01-19 12:26:44,503 > value - "이천시 이천사거리"
[INFO|loca_google_place.py:22] 2023-01-19 12:26:45,833 > value - "광양시 덕례삼거리"
[INFO|loca_google_place.py:22] 2023-01-19 12:26:47,333 > value - "동해"
[INFO|loca_google_place.py:22] 2023-01-19 12:26:48,682 > value - "전라북도 익산시 목천동 434-9"
[INFO|loca_google_place.py:22] 2023-01-19 12:26:50,063 > value - "경상남도 김해시 진영읍 죽곡리 435-2"
[INFO|loca_google_place.py:22] 2023-01-19 12:26:51,468 > value - "경상남도 창원시 성산구 가음정동 산11-2"
[INFO|loca_google_place.py:22] 2023-01-19 12:26:52,900 > value - "충청북도 진천군 진천읍 읍내리 480-17"
